<?xml version="1.0" encoding="UTF-8"?>
<!-- Generated by org.testng.reporters.JUnitReportReporter -->
<testsuite skipped="0" hostname="Akshay-Reddy" name="qsp.TestNGdemo" tests="1" failures="0" timestamp="2022-09-07T11:45:20 IST" time="0.016" errors="0">
  <testcase name="demoTest" time="0.016" classname="qsp.TestNGdemo"/>
  <system-out>
    <![CDATA[welcome to TestNG ]]>
  </system-out>
</testsuite> <!-- qsp.TestNGdemo -->
